{"H:\\Wiriyamu\\Developer\\Repository\\Projects\\composition-api-testing\\src\\App.vue": {"path":"H:\\Wiriyamu\\Developer\\Repository\\Projects\\composition-api-testing\\src\\App.vue","statementMap":{"0":{"start":{"line":16,"column":0},"end":{"line":16,"column":null}},"1":{"start":{"line":17,"column":0},"end":{"line":17,"column":null}},"2":{"start":{"line":19,"column":15},"end":{"line":19,"column":null}},"3":{"start":{"line":23,"column":17},"end":{"line":23,"column":26}},"4":{"start":{"line":28,"column":18},"end":{"line":28,"column":27}},"5":{"start":{"line":28,"column":33},"end":{"line":28,"column":null}},"6":{"start":{"line":30,"column":26},"end":{"line":35,"column":null}},"7":{"start":{"line":31,"column":6},"end":{"line":31,"column":10}},"8":{"start":{"line":32,"column":6},"end":{"line":32,"column":10}},"9":{"start":{"line":37,"column":4},"end":{"line":37,"column":14}},"10":{"start":{"line":38,"column":6},"end":{"line":38,"column":14}},"11":{"start":{"line":41,"column":4},"end":{"line":41,"column":11}}},"fnMap":{"0":{"name":"(anonymous_0)","decl":{"start":{"line":22,"column":2},"end":{"line":22,"column":7}},"loc":{"start":{"line":22,"column":10},"end":{"line":42,"column":null}}},"1":{"name":"(anonymous_1)","decl":{"start":{"line":28,"column":27},"end":{"line":28,"column":33}},"loc":{"start":{"line":28,"column":33},"end":{"line":28,"column":null}}},"2":{"name":"(anonymous_2)","decl":{"start":{"line":30,"column":26},"end":{"line":30,"column":32}},"loc":{"start":{"line":30,"column":32},"end":{"line":35,"column":null}}},"3":{"name":"(anonymous_3)","decl":{"start":{"line":37,"column":14},"end":{"line":37,"column":20}},"loc":{"start":{"line":37,"column":20},"end":{"line":39,"column":null}}}},"branchMap":{"0":{"loc":{"start":{"line":33,"column":11},"end":{"line":33,"column":null}},"type":"cond-expr","locations":[{"start":{"line":33,"column":11},"end":{"line":33,"column":null}},{"start":{"line":34,"column":11},"end":{"line":34,"column":null}}]}},"s":{"0":1,"1":1,"2":1,"3":3,"4":3,"5":2,"6":3,"7":3,"8":3,"9":3,"10":3,"11":3},"f":{"0":3,"1":2,"2":3,"3":3},"b":{"0":[2,1]}}
,"H:\\Wiriyamu\\Developer\\Repository\\Projects\\composition-api-testing\\src\\store\\index.js": {"path":"H:\\Wiriyamu\\Developer\\Repository\\Projects\\composition-api-testing\\src\\store\\index.js","statementMap":{"0":{"start":{"line":5,"column":21},"end":{"line":7,"column":1}},"1":{"start":{"line":9,"column":15},"end":{"line":9,"column":48}},"2":{"start":{"line":11,"column":14},"end":{"line":11,"column":30}},"3":{"start":{"line":13,"column":16},"end":{"line":20,"column":1}},"4":{"start":{"line":15,"column":21},"end":{"line":17,"column":5}},"5":{"start":{"line":18,"column":4},"end":{"line":18,"column":24}}},"fnMap":{"0":{"name":"(anonymous_0)","decl":{"start":{"line":14,"column":2},"end":{"line":14,"column":3}},"loc":{"start":{"line":14,"column":19},"end":{"line":19,"column":3}},"line":14}},"branchMap":{},"s":{"0":2,"1":2,"2":2,"3":2,"4":4,"5":1},"f":{"0":4},"b":{},"_coverageSchema":"43e27e138ebf9cfc5966b082cf9a028302ed4184","hash":"2e21aba852460c0dde7796a0e3dcca6a7556beba"}
}
