{"H:\\Wiriyamu\\Developer\\Repository\\Projects\\composition-api-testing\\src\\store\\index.js": {"path":"H:\\Wiriyamu\\Developer\\Repository\\Projects\\composition-api-testing\\src\\store\\index.js","statementMap":{"0":{"start":{"line":5,"column":21},"end":{"line":7,"column":1}},"1":{"start":{"line":9,"column":15},"end":{"line":9,"column":48}},"2":{"start":{"line":11,"column":14},"end":{"line":11,"column":30}},"3":{"start":{"line":13,"column":16},"end":{"line":20,"column":1}},"4":{"start":{"line":15,"column":21},"end":{"line":17,"column":5}},"5":{"start":{"line":18,"column":4},"end":{"line":18,"column":24}}},"fnMap":{"0":{"name":"(anonymous_0)","decl":{"start":{"line":14,"column":2},"end":{"line":14,"column":3}},"loc":{"start":{"line":14,"column":19},"end":{"line":19,"column":3}},"line":14}},"branchMap":{},"s":{"0":1,"1":1,"2":1,"3":1,"4":1,"5":1},"f":{"0":1},"b":{},"_coverageSchema":"43e27e138ebf9cfc5966b082cf9a028302ed4184","hash":"2e21aba852460c0dde7796a0e3dcca6a7556beba"}
}
