TN:
SF:H:\Wiriyamu\Developer\Repository\Projects\composition-api-testing\src\App.vue
FN:22,(anonymous_0)
FN:28,(anonymous_1)
FN:30,(anonymous_2)
FN:37,(anonymous_3)
FNF:4
FNH:4
FNDA:3,(anonymous_0)
FNDA:2,(anonymous_1)
FNDA:3,(anonymous_2)
FNDA:3,(anonymous_3)
DA:16,1
DA:17,1
DA:19,1
DA:23,3
DA:28,3
DA:30,3
DA:31,3
DA:32,3
DA:37,3
DA:38,3
DA:41,3
LF:11
LH:11
BRDA:33,0,0,2
BRDA:33,0,1,1
BRF:2
BRH:2
end_of_record
TN:
SF:H:\Wiriyamu\Developer\Repository\Projects\composition-api-testing\src\store\index.js
FN:14,(anonymous_0)
FNF:1
FNH:1
FNDA:4,(anonymous_0)
DA:5,2
DA:9,2
DA:11,2
DA:13,2
DA:15,4
DA:18,1
LF:6
LH:6
BRF:0
BRH:0
end_of_record
